#
# A fatal error has been detected by the Java Runtime Environment:
#
#  Internal Error (classFileParser.cpp:3494), pid=37156, tid=37180
#  Error: ShouldNotReachHere()
#
# JRE version: 6.0_25-b06
# Java VM: Java HotSpot(TM) 64-Bit Server VM (20.0-b11 mixed mode windows-amd64 compressed oops)
# If you would like to submit a bug report, please visit:
#   http://java.sun.com/webapps/bugreport/crash.jsp
#

---------------  T H R E A D  ---------------

Current thread (0x00000000005cc800):  JavaThread "Unknown thread" [_thread_in_vm, id=37180, stack(0x0000000001fd0000,0x00000000020d0000)]

Stack: [0x0000000001fd0000,0x00000000020d0000]
[error occurred during error reporting (printing stack bounds), id 0xc0000005]


---------------  P R O C E S S  ---------------

Java Threads: ( => current thread )

Other Threads:

=>0x00000000005cc800 (exited) JavaThread "Unknown thread" [_thread_in_vm, id=37180, stack(0x0000000001fd0000,0x00000000020d0000)]

VM state:not at safepoint (not fully initialized)

VM Mutex/Monitor currently owned by a thread: None

Dynamic libraries:
0x0000000000400000 - 0x000000000042e000 	D:\Program Files\Java\jre6\bin\javaw.exe
0x0000000077c50000 - 0x0000000077df9000 	C:\Windows\SYSTEM32\ntdll.dll
0x0000000077920000 - 0x0000000077a3f000 	C:\Windows\system32\kernel32.dll
0x000007fefe390000 - 0x000007fefe3fc000 	C:\Windows\system32\KERNELBASE.dll
0x000007feff320000 - 0x000007feff3fb000 	C:\Windows\system32\ADVAPI32.dll
0x000007feffb50000 - 0x000007feffbef000 	C:\Windows\system32\msvcrt.dll
0x000007feffd10000 - 0x000007feffd2f000 	C:\Windows\SYSTEM32\sechost.dll
0x000007feff570000 - 0x000007feff69d000 	C:\Windows\system32\RPCRT4.dll
0x0000000077820000 - 0x000000007791a000 	C:\Windows\system32\USER32.dll
0x000007feff700000 - 0x000007feff767000 	C:\Windows\system32\GDI32.dll
0x000007feff430000 - 0x000007feff43e000 	C:\Windows\system32\LPK.dll
0x000007feff770000 - 0x000007feff839000 	C:\Windows\system32\USP10.dll
0x000007feff400000 - 0x000007feff42e000 	C:\Windows\system32\IMM32.DLL
0x000007feff210000 - 0x000007feff319000 	C:\Windows\system32\MSCTF.dll
0x000000006d7f0000 - 0x000000006dfa8000 	D:\Program Files\Java\jre6\bin\server\jvm.dll
0x000007fefc1e0000 - 0x000007fefc21b000 	C:\Windows\system32\WINMM.dll
0x000000006d760000 - 0x000000006d76e000 	D:\Program Files\Java\jre6\bin\verify.dll
0x000000006d3b0000 - 0x000000006d3d7000 	D:\Program Files\Java\jre6\bin\java.dll
0x0000000077e10000 - 0x0000000077e17000 	C:\Windows\system32\PSAPI.DLL
0x000000006d420000 - 0x000000006d454000 	D:\Program Files\Java\jre6\bin\jdwp.dll
0x000000006d630000 - 0x000000006d638000 	D:\Program Files\Java\jre6\bin\npt.dll
0x000000006d7b0000 - 0x000000006d7c2000 	D:\Program Files\Java\jre6\bin\zip.dll

VM Arguments:
jvm_args: -agentlib:jdwp=transport=dt_socket,suspend=y,address=localhost:23847 -Dfile.encoding=GBK -Xbootclasspath:D:\Program Files (x86)\Android\android-sdk\platforms\android-16\android.jar 
java_command: com.hiorion.word.ever.test_noandriod
Launcher Type: SUN_STANDARD

Environment Variables:
JAVA_HOME=D:\Program Files\Java\jdk1.6.0_25
CLASSPATH=d:\Program Files\Java\jdk1.6.0_25\lib;d:\Program Files\Java\jdk1.6.0_25\lib\tools.jar
USERNAME=yli
OS=Windows_NT
PROCESSOR_IDENTIFIER=Intel64 Family 6 Model 42 Stepping 7, GenuineIntel



---------------  S Y S T E M  ---------------

OS: Windows 7 Build 7601 Service Pack 1

CPU:total 4 (2 cores per cpu, 2 threads per core) family 6 model 42 stepping 7, cmov, cx8, fxsr, mmx, sse, sse2, sse3, ssse3, sse4.1, sse4.2, popcnt, ht

Memory: 4k page, physical 8266648k(2260700k free), swap 16531444k(9898708k free)

vm_info: Java HotSpot(TM) 64-Bit Server VM (20.0-b11) for windows-amd64 JRE (1.6.0_25-b06), built on Apr 14 2011 00:44:38 by "java_re" with MS VC++ 8.0 (VS2005)

time: Thu Nov 15 14:46:52 2012
elapsed time: 0 seconds

